<?xml version="1.0" encoding="UTF-8"?>
<!-- Generated by org.testng.reporters.JUnitReportReporter -->
<testsuite hostname="Michaels-Mac-mini.local" failures="0" tests="1" name="com.vueling.tests.PurchaseTicketTest" time="88.883" errors="0" timestamp="2024-09-12T11:37:39 EDT" skipped="0">
  <testcase classname="com.vueling.tests.PurchaseTicketTest" name="purchaseTicketTest" time="88.883"/>
</testsuite> <!-- com.vueling.tests.PurchaseTicketTest -->
