<?xml version="1.0" encoding="UTF-8"?>
<!-- Generated by org.testng.reporters.JUnitReportReporter -->
<testsuite hostname="Michaels-Mac-mini.local" failures="0" tests="1" name="com.vueling.tests.PurchaseTicketTest" time="89.316" errors="0" timestamp="2024-08-22T11:22:20 EDT" skipped="0">
  <testcase classname="com.vueling.tests.PurchaseTicketTest" name="purchaseTicketTest" time="89.316"/>
</testsuite> <!-- com.vueling.tests.PurchaseTicketTest -->
